#
# A fatal error has been detected by the Java Runtime Environment:
#
#  EXCEPTION_ACCESS_VIOLATION (0xc0000005) at pc=0x6d25091d, pid=8172, tid=7360
#
# JRE version: 6.0_24-b07
# Java VM: Java HotSpot(TM) Client VM (19.1-b02 mixed mode windows-x86 )
# Problematic frame:
# C  [fontmanager.dll+0x2091d]
#
# If you would like to submit a bug report, please visit:
#   http://java.sun.com/webapps/bugreport/crash.jsp
# The crash happened outside the Java Virtual Machine in native code.
# See problematic frame for where to report the bug.
#

---------------  T H R E A D  ---------------

Current thread (0x6c688800):  JavaThread "AWT-EventQueue-0" [_thread_in_native, id=7360, stack(0x6d150000,0x6d1a0000)]

siginfo: ExceptionCode=0xc0000005, writing address 0x00000000

Registers:
EAX=0x00000008, EBX=0x0069a5eb, ECX=0x00000001, EDX=0x6c68bb18
ESP=0x6d19e438, EBP=0x6d19e480, ESI=0x00000000, EDI=0x6c688918
EIP=0x6d25091d, EFLAGS=0x00010212

Register to memory mapping:

EAX=0x00000008
0x00000008 is pointing to unknown location

EBX=0x0069a5eb
0x0069a5eb is pointing to unknown location

ECX=0x00000001
0x00000001 is pointing to unknown location

EDX=0x6c68bb18
0x6c68bb18 is pointing to unknown location

ESP=0x6d19e438
0x6d19e438 is pointing into the stack for thread: 0x6c688800
"AWT-EventQueue-0" prio=6 tid=0x6c688800 nid=0x1cc0 runnable [0x6d19e000]
   java.lang.Thread.State: RUNNABLE

EBP=0x6d19e480
0x6d19e480 is pointing into the stack for thread: 0x6c688800
"AWT-EventQueue-0" prio=6 tid=0x6c688800 nid=0x1cc0 runnable [0x6d19e000]
   java.lang.Thread.State: RUNNABLE

ESI=0x00000000
0x00000000 is pointing to unknown location

EDI=0x6c688918
0x6c688918 is pointing to unknown location


Top of Stack: (sp=0x6d19e438)
0x6d19e438:   6c68bb18 00000000 6c688800 6c688918
0x6d19e448:   663e7780 00688918 441a8000 42960000
0x6d19e458:   6d19e468 0069a5eb 6d9f2ae0 6da28628
0x6d19e468:   00000000 6c68bb18 6d00147b 6c688918
0x6d19e478:   6d19e4f4 00000022 6d0fdbd8 6d2510f7
0x6d19e488:   6c688918 6d19e4e8 663e7780 663e7780
0x6d19e498:   6d19e4d8 021b9fc7 6c688918 6d19e4f4
0x6d19e4a8:   6d19e4f0 6d19e4ec 6d19e4e8 6d19e4b4 

Instructions: (pc=0x6d25091d)
0x6d25090d:   6d 8b 54 24 30 83 c4 04 8b f0 6a 00 8d 46 08 52
0x6d25091d:   89 1e 89 46 04 8b 0f 57 ff 91 78 03 00 00 8b d8 


Stack: [0x6d150000,0x6d1a0000],  sp=0x6d19e438,  free space=313k
Native frames: (J=compiled Java code, j=interpreted, Vv=VM code, C=native code)
C  [fontmanager.dll+0x2091d]

Java frames: (J=compiled Java code, j=interpreted, Vv=VM code)
j  sun.java2d.loops.DrawGlyphListLCD.DrawGlyphListLCD(Lsun/java2d/SunGraphics2D;Lsun/java2d/SurfaceData;Lsun/font/GlyphList;)V+0
j  sun.java2d.pipe.LCDTextRenderer.drawGlyphList(Lsun/java2d/SunGraphics2D;Lsun/font/GlyphList;)V+13
j  sun.java2d.pipe.GlyphListPipe.drawChars(Lsun/java2d/SunGraphics2D;[CIIII)V+167
j  sun.java2d.pipe.ValidatePipe.drawChars(Lsun/java2d/SunGraphics2D;[CIIII)V+21
j  sun.java2d.SunGraphics2D.drawChars([CIIII)V+100
j  sun.swing.SwingUtilities2.drawChars(Ljavax/swing/JComponent;Ljava/awt/Graphics;[CIIII)I+313
J  javax.swing.text.Utilities.drawTabbedText(Ljavax/swing/text/View;Ljavax/swing/text/Segment;IILjava/awt/Graphics;Ljavax/swing/text/TabExpander;I[I)I
j  javax.swing.text.Utilities.drawTabbedText(Ljavax/swing/text/View;Ljavax/swing/text/Segment;IILjava/awt/Graphics;Ljavax/swing/text/TabExpander;I)I+11
j  javax.swing.text.PlainView.drawUnselectedText(Ljava/awt/Graphics;IIII)I+44
j  javax.swing.text.PlainView.drawElement(ILjavax/swing/text/Element;Ljava/awt/Graphics;II)I+135
j  javax.swing.text.PlainView.drawLine(ILjava/awt/Graphics;II)V+30
j  javax.swing.text.PlainView.paint(Ljava/awt/Graphics;Ljava/awt/Shape;)V+407
j  javax.swing.plaf.basic.BasicTextUI$RootView.paint(Ljava/awt/Graphics;Ljava/awt/Shape;)V+48
j  javax.swing.plaf.basic.BasicTextUI.paintSafely(Ljava/awt/Graphics;)V+65
j  javax.swing.plaf.basic.BasicTextUI.paint(Ljava/awt/Graphics;Ljavax/swing/JComponent;)V+45
j  javax.swing.plaf.basic.BasicTextUI.update(Ljava/awt/Graphics;Ljavax/swing/JComponent;)V+3
j  javax.swing.JComponent.paintComponent(Ljava/awt/Graphics;)V+26
j  javax.swing.JComponent.paint(Ljava/awt/Graphics;)V+290
j  javax.swing.JComponent.paintChildren(Ljava/awt/Graphics;)V+512
j  javax.swing.JComponent.paint(Ljava/awt/Graphics;)V+322
j  javax.swing.JViewport.paint(Ljava/awt/Graphics;)V+205
j  javax.swing.JComponent.paintChildren(Ljava/awt/Graphics;)V+512
j  javax.swing.JComponent.paint(Ljava/awt/Graphics;)V+322
j  javax.swing.JComponent.paintChildren(Ljava/awt/Graphics;)V+512
j  javax.swing.JComponent.paint(Ljava/awt/Graphics;)V+322
j  javax.swing.JComponent.paintChildren(Ljava/awt/Graphics;)V+512
j  javax.swing.JComponent.paint(Ljava/awt/Graphics;)V+322
j  javax.swing.JLayeredPane.paint(Ljava/awt/Graphics;)V+73
j  javax.swing.JComponent.paintChildren(Ljava/awt/Graphics;)V+512
j  javax.swing.JComponent.paintToOffscreen(Ljava/awt/Graphics;IIIIII)V+72
j  javax.swing.RepaintManager$PaintManager.paintDoubleBuffered(Ljavax/swing/JComponent;Ljava/awt/Image;Ljava/awt/Graphics;IIII)V+105
j  javax.swing.RepaintManager$PaintManager.paint(Ljavax/swing/JComponent;Ljavax/swing/JComponent;Ljava/awt/Graphics;IIII)Z+116
j  javax.swing.RepaintManager.paint(Ljavax/swing/JComponent;Ljavax/swing/JComponent;Ljava/awt/Graphics;IIII)V+52
j  javax.swing.JComponent.paint(Ljava/awt/Graphics;)V+225
j  java.awt.GraphicsCallback$PaintCallback.run(Ljava/awt/Component;Ljava/awt/Graphics;)V+2
j  sun.awt.SunGraphicsCallback.runOneComponent(Ljava/awt/Component;Ljava/awt/Rectangle;Ljava/awt/Graphics;Ljava/awt/Shape;I)V+155
j  sun.awt.SunGraphicsCallback.runComponents([Ljava/awt/Component;Ljava/awt/Graphics;I)V+104
j  java.awt.Container.paint(Ljava/awt/Graphics;)V+73
j  java.awt.Window.paint(Ljava/awt/Graphics;)V+72
j  javax.swing.RepaintManager.paintDirtyRegions(Ljava/util/Map;)V+250
j  javax.swing.RepaintManager.paintDirtyRegions()V+46
j  javax.swing.RepaintManager.seqPaintDirtyRegions()V+73
j  javax.swing.SystemEventQueueUtilities$ComponentWorkRequest.run()V+36
j  java.awt.event.InvocationEvent.dispatch()V+47
j  java.awt.EventQueue.dispatchEventImpl(Ljava/awt/AWTEvent;Ljava/lang/Object;)V+21
j  java.awt.EventQueue.access$000(Ljava/awt/EventQueue;Ljava/awt/AWTEvent;Ljava/lang/Object;)V+3
j  java.awt.EventQueue$1.run()Ljava/lang/Void;+12
j  java.awt.EventQueue$1.run()Ljava/lang/Object;+1
v  ~StubRoutines::call_stub
j  java.security.AccessController.doPrivileged(Ljava/security/PrivilegedAction;Ljava/security/AccessControlContext;)Ljava/lang/Object;+0
j  java.security.AccessControlContext$1.doIntersectionPrivilege(Ljava/security/PrivilegedAction;Ljava/security/AccessControlContext;Ljava/security/AccessControlContext;)Ljava/lang/Object;+28
j  java.awt.EventQueue.dispatchEvent(Ljava/awt/AWTEvent;)V+46
j  java.awt.EventDispatchThread.pumpOneEventForFilters(I)Z+204
j  java.awt.EventDispatchThread.pumpEventsForFilter(ILjava/awt/Conditional;Ljava/awt/EventFilter;)V+30
j  java.awt.EventDispatchThread.pumpEventsForHierarchy(ILjava/awt/Conditional;Ljava/awt/Component;)V+11
j  java.awt.EventDispatchThread.pumpEvents(ILjava/awt/Conditional;)V+4
j  java.awt.EventDispatchThread.pumpEvents(Ljava/awt/Conditional;)V+3
j  java.awt.EventDispatchThread.run()V+9
v  ~StubRoutines::call_stub

---------------  P R O C E S S  ---------------

Java Threads: ( => current thread )
  0x6c6b0000 JavaThread "TimerQueue" daemon [_thread_blocked, id=4072, stack(0x6d290000,0x6d2e0000)]
  0x02011400 JavaThread "DestroyJavaVM" [_thread_blocked, id=3160, stack(0x01910000,0x01960000)]
=>0x6c688800 JavaThread "AWT-EventQueue-0" [_thread_in_native, id=7360, stack(0x6d150000,0x6d1a0000)]
  0x6c4fe000 JavaThread "AWT-Windows" daemon [_thread_in_native, id=7732, stack(0x6cb80000,0x6cbd0000)]
  0x6c4fd800 JavaThread "AWT-Shutdown" [_thread_blocked, id=8072, stack(0x6ca30000,0x6ca80000)]
  0x6c4fc400 JavaThread "Java2D Disposer" daemon [_thread_blocked, id=6684, stack(0x6c500000,0x6c550000)]
  0x020db400 JavaThread "Low Memory Detector" daemon [_thread_blocked, id=6364, stack(0x6c260000,0x6c2b0000)]
  0x020c9400 JavaThread "CompilerThread0" daemon [_thread_blocked, id=4848, stack(0x6c210000,0x6c260000)]
  0x020bdc00 JavaThread "Attach Listener" daemon [_thread_blocked, id=1212, stack(0x6c1c0000,0x6c210000)]
  0x020bcc00 JavaThread "Signal Dispatcher" daemon [_thread_blocked, id=6968, stack(0x6c150000,0x6c1a0000)]
  0x02090c00 JavaThread "Finalizer" daemon [_thread_blocked, id=7452, stack(0x6c100000,0x6c150000)]
  0x0208c400 JavaThread "Reference Handler" daemon [_thread_blocked, id=7644, stack(0x02150000,0x021a0000)]

Other Threads:
  0x02087800 VMThread [stack: 0x02100000,0x02150000] [id=6936]
  0x020e4400 WatcherThread [stack: 0x6c2b0000,0x6c300000] [id=4136]

VM state:not at safepoint (normal execution)

VM Mutex/Monitor currently owned by a thread: None

Heap
 def new generation   total 480448K, used 248818K [0x041b0000, 0x24b00000, 0x24b00000)
  eden space 427072K,  45% used [0x041b0000, 0x1008cbb0, 0x1e2c0000)
  from space 53376K, 100% used [0x216e0000, 0x24b00000, 0x24b00000)
  to   space 53376K,   0% used [0x1e2c0000, 0x1e2c0000, 0x216e0000)
 tenured generation   total 1067712K, used 45826K [0x24b00000, 0x65db0000, 0x65db0000)
   the space 1067712K,   4% used [0x24b00000, 0x277c0a20, 0x277c0c00, 0x65db0000)
 compacting perm gen  total 12288K, used 11806K [0x65db0000, 0x669b0000, 0x69db0000)
   the space 12288K,  96% used [0x65db0000, 0x66937830, 0x66937a00, 0x669b0000)
No shared spaces configured.

Dynamic libraries:
0x00400000 - 0x00424000 	C:\Program Files\Java\jre6\bin\javaw.exe
0x77400000 - 0x77528000 	C:\Windows\system32\ntdll.dll
0x76f00000 - 0x76fdc000 	C:\Windows\system32\kernel32.dll
0x77160000 - 0x77226000 	C:\Windows\system32\ADVAPI32.dll
0x76e30000 - 0x76ef3000 	C:\Windows\system32\RPCRT4.dll
0x75b90000 - 0x75c2d000 	C:\Windows\system32\USER32.dll
0x77320000 - 0x7736b000 	C:\Windows\system32\GDI32.dll
0x77230000 - 0x7724e000 	C:\Windows\system32\IMM32.DLL
0x77250000 - 0x77318000 	C:\Windows\system32\MSCTF.dll
0x775b0000 - 0x7765a000 	C:\Windows\system32\msvcrt.dll
0x76990000 - 0x76999000 	C:\Windows\system32\LPK.DLL
0x75b10000 - 0x75b8d000 	C:\Windows\system32\USP10.dll
0x6c1b0000 - 0x6c1b5000 	C:\Windows\system32\avgrsstx.dll
0x7c340000 - 0x7c396000 	C:\Program Files\Java\jre6\bin\msvcr71.dll
0x6d7f0000 - 0x6da96000 	C:\Program Files\Java\jre6\bin\client\jvm.dll
0x74180000 - 0x741b2000 	C:\Windows\system32\WINMM.dll
0x77010000 - 0x77155000 	C:\Windows\system32\ole32.dll
0x75a80000 - 0x75b0d000 	C:\Windows\system32\OLEAUT32.dll
0x74140000 - 0x7417d000 	C:\Windows\system32\OLEACC.dll
0x758d0000 - 0x758fc000 	C:\Windows\system32\apphelp.dll
0x6d7a0000 - 0x6d7ac000 	C:\Program Files\Java\jre6\bin\verify.dll
0x6d320000 - 0x6d33f000 	C:\Program Files\Java\jre6\bin\java.dll
0x6d280000 - 0x6d288000 	C:\Program Files\Java\jre6\bin\hpi.dll
0x768f0000 - 0x768f7000 	C:\Windows\system32\PSAPI.DLL
0x6d7e0000 - 0x6d7ef000 	C:\Program Files\Java\jre6\bin\zip.dll
0x6d000000 - 0x6d14a000 	C:\Program Files\Java\jre6\bin\awt.dll
0x71e90000 - 0x71ed2000 	C:\Windows\system32\WINSPOOL.DRV
0x74970000 - 0x74b0e000 	C:\Windows\WinSxS\x86_microsoft.windows.common-controls_6595b64144ccf1df_6.0.6002.18305_none_5cb72f2a088b0ed3\COMCTL32.dll
0x769a0000 - 0x769f9000 	C:\Windows\system32\SHLWAPI.dll
0x710c0000 - 0x710cc000 	C:\Windows\system32\DWMAPI.DLL
0x74b20000 - 0x74b5f000 	C:\Windows\system32\uxtheme.dll
0x6d230000 - 0x6d27f000 	C:\Program Files\Java\jre6\bin\fontmanager.dll
0x75dc0000 - 0x768d1000 	C:\Windows\system32\shell32.dll
0x6d600000 - 0x6d613000 	C:\Program Files\Java\jre6\bin\net.dll
0x76fe0000 - 0x7700d000 	C:\Windows\system32\WS2_32.dll
0x77370000 - 0x77376000 	C:\Windows\system32\NSI.dll
0x74ff0000 - 0x7502b000 	C:\Windows\system32\mswsock.dll
0x750c0000 - 0x750c5000 	C:\Windows\System32\wship6.dll
0x6d620000 - 0x6d629000 	C:\Program Files\Java\jre6\bin\nio.dll
0x76900000 - 0x76984000 	C:\Windows\system32\CLBCatQ.DLL
0x74c30000 - 0x74c35000 	C:\Windows\System32\wshtcpip.dll

VM Arguments:
jvm_args: -Xms1564m -Xmx1564m -Dfile.encoding=Cp1252 
java_command: mediadorxml.tests.testeXQueryPlanGUI
Launcher Type: SUN_STANDARD

Environment Variables:
PATH=C:/Program Files/Java/jre6/bin/client;C:/Program Files/Java/jre6/bin;C:\Program Files\Common Files\Microsoft Shared\Windows Live;C:\Windows\system32;C:\Windows;C:\Windows\System32\Wbem;C:\Program Files\Common Files\Roxio Shared\9.0\DLLShared\;C:\Program Files\Common Files\Intuit\QBPOSSDKRuntime;C:\Program Files\Common Files\Roxio Shared\10.0\DLLShared\;C:\Program Files\Common Files\Roxio Shared\DLLShared\;C:\Program Files\Common Files\Roxio Shared\DLLShared\;C:\Program Files\Common Files\Roxio Shared\10.0\DLLShared\;C:\Program Files\TortoiseSVN\bin;C:\Program Files\Windows Live\Shared;C:\Windows\System32\WindowsPowerShell\v1.0\;C:\Sun\SDK\bin;C:\Program Files\SSH Communications Security\SSH Secure Shell
USERNAME=carla
OS=Windows_NT
PROCESSOR_IDENTIFIER=x86 Family 6 Model 15 Stepping 13, GenuineIntel



---------------  S Y S T E M  ---------------

OS: Windows Vista Build 6002 Service Pack 2

CPU:total 2 (2 cores per cpu, 1 threads per core) family 6 model 15 stepping 13, cmov, cx8, fxsr, mmx, sse, sse2, sse3, ssse3

Memory: 4k page, physical 3135172k(692724k free), swap 6477476k(2078944k free)

vm_info: Java HotSpot(TM) Client VM (19.1-b02) for windows-x86 JRE (1.6.0_24-b07), built on Feb  2 2011 17:44:41 by "java_re" with MS VC++ 7.1 (VS2003)

time: Thu Sep 15 14:44:02 2011
elapsed time: 177 seconds

