=2014-09-06 18:18:33,525 [main,1   ] ERROR  - javax.xml.xquery.XQException: SEDNA Message: ERROR SE4611
There is no transaction to roll back.

=2014-09-06 18:18:33,538 [main,14  ] INFO   - DBConnection Pool created!
=2014-09-06 18:19:15,313 [main,0   ] ERROR  - javax.xml.xquery.XQException: SEDNA Message: ERROR SE4611
There is no transaction to roll back.

=2014-09-06 18:19:15,318 [main,5   ] INFO   - DBConnection Pool created!
=2014-09-06 18:21:44,924 [main,0   ] ERROR  - javax.xml.xquery.XQException: SEDNA Message: ERROR SE4611
There is no transaction to roll back.

=2014-09-06 18:21:44,928 [main,4   ] INFO   - DBConnection Pool created!
=2014-09-06 18:23:17,158 [main,0   ] ERROR  - javax.xml.xquery.XQException: SEDNA Message: ERROR SE4611
There is no transaction to roll back.

=2014-09-06 18:23:17,161 [main,3   ] INFO   - DBConnection Pool created!
=2014-09-06 18:23:17,436 [main,278 ] INFO   - Processador de Consulta do Nó está sendo executado na porta 6.680 [//localhost:6680/NodeQueryProcessor]
=2014-09-06 18:26:26,041 [main,1   ] DEBUG  - [Conexão 0] Uma nova conexão foi criada.
=2014-09-06 18:26:26,044 [main,4   ] INFO   - DBConnection Pool created!
=2014-09-06 18:26:26,249 [main,209 ] INFO   - Processador de Consulta do Nó está sendo executado na porta 6.690 [//localhost:6690/NodeQueryProcessor]
=2014-09-06 18:32:34,508 [main,0   ] DEBUG  - [Conexão 0] Uma nova conexão foi criada.
=2014-09-06 18:32:34,512 [main,4   ] INFO   - DBConnection Pool created!
=2014-09-06 18:32:34,680 [main,172 ] ERROR  - NodeQueryProcessorEngine Exception: NodeQueryProcessor
=2014-09-06 18:32:34,682 [main,174 ] INFO   - Processador de Consulta do Nó está sendo executado na porta 6.650 [//localhost:6650/NodeQueryProcessor]
=2014-09-06 18:32:59,844 [main,0   ] DEBUG  - [Conexão 0] Uma nova conexão foi criada.
=2014-09-06 18:32:59,847 [main,3   ] INFO   - DBConnection Pool created!
=2014-09-06 18:33:00,045 [main,201 ] INFO   - Processador de Consulta do Nó está sendo executado na porta 6.650 [//localhost:6650/NodeQueryProcessor]
=2014-09-07 12:38:32,869 [main,0   ] DEBUG  - [Conexão 0] Uma nova conexão foi criada.
=2014-09-07 12:38:32,873 [main,4   ] INFO   - DBConnection Pool created!
=2014-09-07 12:38:33,265 [main,396 ] INFO   - Processador de Consulta do Nó está sendo executado na porta 3.001 [//localhost:3001/NodeQueryProcessor]
=2014-09-07 12:41:48,954 [main,0   ] DEBUG  - [Conexão 0] Uma nova conexão foi criada.
=2014-09-07 12:41:48,957 [main,3   ] INFO   - DBConnection Pool created!
=2014-09-07 12:41:49,140 [main,186 ] INFO   - Processador de Consulta do Nó está sendo executado na porta 3.002 [//localhost:3002/NodeQueryProcessor]
=2014-09-07 12:42:09,124 [main,0   ] DEBUG  - [Conexão 0] Uma nova conexão foi criada.
=2014-09-07 12:42:09,127 [main,3   ] INFO   - DBConnection Pool created!
=2014-09-07 12:42:09,311 [main,187 ] INFO   - Processador de Consulta do Nó está sendo executado na porta 3.003 [//localhost:3003/NodeQueryProcessor]
=2014-09-07 12:42:30,013 [main,1   ] DEBUG  - [Conexão 0] Uma nova conexão foi criada.
=2014-09-07 12:42:30,015 [main,3   ] INFO   - DBConnection Pool created!
=2014-09-07 12:42:30,220 [main,208 ] INFO   - Processador de Consulta do Nó está sendo executado na porta 3.004 [//localhost:3004/NodeQueryProcessor]
=2014-09-07 13:47:42,060 [main,0   ] DEBUG  - [Conexão 0] Uma nova conexão foi criada.
=2014-09-07 13:47:42,063 [main,3   ] INFO   - DBConnection Pool created!
=2014-09-07 13:47:42,334 [main,274 ] INFO   - Processador de Consulta do Nó está sendo executado na porta 3.005 [//localhost:3005/NodeQueryProcessor]
=2014-09-07 14:29:04,847 [main,0   ] DEBUG  - [Conexão 0] Uma nova conexão foi criada.
=2014-09-07 14:29:04,849 [main,2   ] INFO   - DBConnection Pool created!
=2014-09-07 14:29:05,058 [main,211 ] INFO   - Processador de Consulta do Nó está sendo executado na porta 3.001 [rmi://localhost:3001/NodeQueryProcessor]
=2014-09-07 14:46:40,936 [main,0   ] DEBUG  - [Conexão 0] Uma nova conexão foi criada.
=2014-09-07 14:46:40,940 [main,4   ] INFO   - DBConnection Pool created!
=2014-09-07 14:46:41,164 [main,228 ] INFO   - Processador de Consulta do Nó está sendo executado na porta 3.002 [rmi://localhost:3002/NodeQueryProcessor]
=2014-09-07 15:06:04,804 [main,0   ] INFO   - Geneciador de conexão iniciando...
=2014-09-07 15:06:04,933 [main,129 ] ERROR  - org.xml.sax.SAXParseException; lineNumber: 1; columnNumber: 1; O conteúdo não é permitido no prólogo.
=2014-09-07 15:11:36,216 [main,0   ] INFO   - Geneciador de conexão iniciando...
=2014-09-07 15:11:36,370 [main,154 ] DEBUG  - Conectando a //localhost:3.001/NodeQueryProcessor. Tentativa número: {3}
=2014-09-07 15:11:36,820 [main,604 ] INFO   - Conectado a //localhost:3.001/NodeQueryProcessor
=2014-09-07 15:11:36,830 [main,614 ] INFO   - Node Query Processor on localhost:3001 was added
=2014-09-07 15:11:36,837 [main,621 ] DEBUG  - Conectando a //localhost:3.002/NodeQueryProcessor. Tentativa número: {3}
=2014-09-07 15:11:36,847 [main,631 ] INFO   - Conectado a //localhost:3.002/NodeQueryProcessor
=2014-09-07 15:11:36,847 [main,631 ] INFO   - Node Query Processor on localhost:3002 was added
=2014-09-07 15:11:36,848 [main,632 ] INFO   - Processador de consulta do cluster carregado. (1/4)
=2014-09-07 15:11:36,909 [main,693 ] INFO   - Escalonador de consulta carregado. (2/4)
=2014-09-07 15:11:36,909 [main,693 ] INFO   - Balanceador de carga carregado. (3/4)
=2014-09-07 15:11:36,910 [main,694 ] INFO   - Aguarde por favor... O Meta-dados está sendo carregado.
=2014-09-07 15:11:36,909 [Thread-1,693 ] DEBUG  - Escalonador executando.!
=2014-09-07 15:11:36,911 [Thread-1,695 ] DEBUG  - Escalonador esperando por mais requisições...
=2014-09-07 15:28:43,555 [main,0   ] INFO   - Geneciador de conexão iniciando...
=2014-09-07 15:28:43,625 [main,70  ] DEBUG  - Conectando a //localhost:3.001/NodeQueryProcessor. Tentativa número: {3}
=2014-09-07 15:28:43,808 [main,253 ] INFO   - Conectado a //localhost:3.001/NodeQueryProcessor
=2014-09-07 15:28:43,809 [main,254 ] INFO   - Node Query Processor on localhost:3001 was added
=2014-09-07 15:28:43,810 [main,255 ] DEBUG  - Conectando a //localhost:3.002/NodeQueryProcessor. Tentativa número: {3}
=2014-09-07 15:28:43,819 [main,264 ] INFO   - Conectado a //localhost:3.002/NodeQueryProcessor
=2014-09-07 15:28:43,819 [main,264 ] INFO   - Node Query Processor on localhost:3002 was added
=2014-09-07 15:28:43,819 [main,264 ] INFO   - Processador de consulta do cluster carregado. (1/4)
=2014-09-07 15:28:43,824 [main,269 ] INFO   - Escalonador de consulta carregado. (2/4)
=2014-09-07 15:28:43,824 [Thread-1,269 ] DEBUG  - Escalonador executando.!
=2014-09-07 15:28:43,824 [main,269 ] INFO   - Balanceador de carga carregado. (3/4)
=2014-09-07 15:28:43,825 [Thread-1,270 ] DEBUG  - Escalonador esperando por mais requisições...
=2014-09-07 15:29:25,891 [main,0   ] INFO   - Geneciador de conexão iniciando...
=2014-09-07 15:29:25,960 [main,69  ] DEBUG  - Conectando a //localhost:3.001/NodeQueryProcessor. Tentativa número: {3}
=2014-09-07 15:29:26,149 [main,258 ] INFO   - Conectado a //localhost:3.001/NodeQueryProcessor
=2014-09-07 15:29:26,150 [main,259 ] INFO   - Node Query Processor on localhost:3001 was added
=2014-09-07 15:29:26,151 [main,260 ] DEBUG  - Conectando a //localhost:3.002/NodeQueryProcessor. Tentativa número: {3}
=2014-09-07 15:29:26,161 [main,270 ] INFO   - Conectado a //localhost:3.002/NodeQueryProcessor
=2014-09-07 15:29:26,161 [main,270 ] INFO   - Node Query Processor on localhost:3002 was added
=2014-09-07 15:29:26,161 [main,270 ] INFO   - Processador de consulta do cluster carregado. (1/4)
=2014-09-07 15:29:26,167 [main,276 ] INFO   - Escalonador de consulta carregado. (2/4)
=2014-09-07 15:29:26,167 [main,276 ] INFO   - Balanceador de carga carregado. (3/4)
=2014-09-07 15:29:26,167 [main,276 ] INFO   - Aguarde por favor... O Meta-dados está sendo carregado.
=2014-09-07 15:29:26,169 [Thread-1,278 ] DEBUG  - Escalonador executando.!
=2014-09-07 15:29:26,169 [Thread-1,278 ] DEBUG  - Escalonador esperando por mais requisições...
=2014-09-07 15:31:56,674 [main,0   ] INFO   - Geneciador de conexão iniciando...
=2014-09-07 15:31:56,743 [main,69  ] DEBUG  - Conectando a //localhost:3.001/NodeQueryProcessor. Tentativa número: {3}
=2014-09-07 15:31:56,945 [main,271 ] INFO   - Conectado a //localhost:3.001/NodeQueryProcessor
=2014-09-07 15:31:56,946 [main,272 ] INFO   - Node Query Processor on localhost:3001 was added
=2014-09-07 15:31:56,947 [main,273 ] DEBUG  - Conectando a //localhost:3.002/NodeQueryProcessor. Tentativa número: {3}
=2014-09-07 15:31:56,956 [main,282 ] INFO   - Conectado a //localhost:3.002/NodeQueryProcessor
=2014-09-07 15:31:56,956 [main,282 ] INFO   - Node Query Processor on localhost:3002 was added
=2014-09-07 15:31:56,956 [main,282 ] INFO   - Processador de consulta do cluster carregado. (1/4)
=2014-09-07 15:31:56,961 [main,287 ] INFO   - Escalonador de consulta carregado. (2/4)
=2014-09-07 15:31:56,961 [Thread-1,287 ] DEBUG  - Escalonador executando.!
=2014-09-07 15:31:56,961 [main,287 ] INFO   - Balanceador de carga carregado. (3/4)
=2014-09-07 15:31:56,962 [Thread-1,288 ] DEBUG  - Escalonador esperando por mais requisições...
=2014-09-07 15:31:56,962 [main,288 ] INFO   - Aguarde por favor... O Meta-dados está sendo carregado.
=2014-09-07 15:34:08,283 [main,0   ] INFO   - Geneciador de conexão iniciando...
=2014-09-07 15:34:08,354 [main,71  ] DEBUG  - Conectando a //localhost:3.001/NodeQueryProcessor. Tentativa número: {3}
=2014-09-07 15:34:08,547 [main,264 ] INFO   - Conectado a //localhost:3.001/NodeQueryProcessor
=2014-09-07 15:34:08,548 [main,265 ] INFO   - Node Query Processor on localhost:3001 was added
=2014-09-07 15:34:08,549 [main,266 ] DEBUG  - Conectando a //localhost:3.002/NodeQueryProcessor. Tentativa número: {3}
=2014-09-07 15:34:08,558 [main,275 ] INFO   - Conectado a //localhost:3.002/NodeQueryProcessor
=2014-09-07 15:34:08,558 [main,275 ] INFO   - Node Query Processor on localhost:3002 was added
=2014-09-07 15:34:08,559 [main,276 ] INFO   - Processador de consulta do cluster carregado. (1/4)
=2014-09-07 15:34:08,563 [main,280 ] INFO   - Escalonador de consulta carregado. (2/4)
=2014-09-07 15:34:08,563 [Thread-1,280 ] DEBUG  - Escalonador executando.!
=2014-09-07 15:34:08,563 [main,280 ] INFO   - Balanceador de carga carregado. (3/4)
=2014-09-07 15:34:08,564 [Thread-1,281 ] DEBUG  - Escalonador esperando por mais requisições...
=2014-09-07 15:34:08,564 [main,281 ] INFO   - Aguarde por favor... O Meta-dados está sendo carregado.
=2014-09-07 15:34:40,539 [main,0   ] INFO   - Geneciador de conexão iniciando...
=2014-09-07 15:34:40,618 [main,79  ] DEBUG  - Conectando a //localhost:3.001/NodeQueryProcessor. Tentativa número: {3}
=2014-09-07 15:34:40,817 [main,278 ] INFO   - Conectado a //localhost:3.001/NodeQueryProcessor
=2014-09-07 15:34:40,818 [main,279 ] INFO   - Node Query Processor on localhost:3001 was added
=2014-09-07 15:34:40,820 [main,281 ] DEBUG  - Conectando a //localhost:3.002/NodeQueryProcessor. Tentativa número: {3}
=2014-09-07 15:34:40,827 [main,288 ] INFO   - Conectado a //localhost:3.002/NodeQueryProcessor
=2014-09-07 15:34:40,828 [main,289 ] INFO   - Node Query Processor on localhost:3002 was added
=2014-09-07 15:34:40,828 [main,289 ] INFO   - Processador de consulta do cluster carregado. (1/4)
=2014-09-07 15:34:40,833 [main,294 ] INFO   - Escalonador de consulta carregado. (2/4)
=2014-09-07 15:34:40,833 [Thread-1,294 ] DEBUG  - Escalonador executando.!
=2014-09-07 15:34:40,833 [main,294 ] INFO   - Balanceador de carga carregado. (3/4)
=2014-09-07 15:34:40,834 [main,295 ] INFO   - Aguarde por favor... O Meta-dados está sendo carregado.
=2014-09-07 15:34:40,834 [Thread-1,295 ] DEBUG  - Escalonador esperando por mais requisições...
=2014-09-07 15:43:51,950 [main,0   ] INFO   - Geneciador de conexão iniciando...
=2014-09-07 15:43:52,021 [main,71  ] DEBUG  - Conectando a //localhost:3.001/NodeQueryProcessor. Tentativa número: {3}
=2014-09-07 15:43:52,217 [main,267 ] INFO   - Conectado a //localhost:3.001/NodeQueryProcessor
=2014-09-07 15:43:52,218 [main,268 ] INFO   - Node Query Processor on localhost:3001 was added
=2014-09-07 15:43:52,219 [main,269 ] DEBUG  - Conectando a //localhost:3.002/NodeQueryProcessor. Tentativa número: {3}
=2014-09-07 15:43:52,228 [main,278 ] INFO   - Conectado a //localhost:3.002/NodeQueryProcessor
=2014-09-07 15:43:52,228 [main,278 ] INFO   - Node Query Processor on localhost:3002 was added
=2014-09-07 15:43:52,228 [main,278 ] INFO   - Processador de consulta do cluster carregado. (1/4)
=2014-09-07 15:43:52,233 [main,283 ] INFO   - Escalonador de consulta carregado. (2/4)
=2014-09-07 15:43:52,233 [main,283 ] INFO   - Balanceador de carga carregado. (3/4)
=2014-09-07 15:43:52,233 [Thread-1,283 ] DEBUG  - Escalonador executando.!
=2014-09-07 15:43:52,233 [main,283 ] INFO   - Aguarde por favor... O Meta-dados está sendo carregado.
=2014-09-07 15:43:52,234 [Thread-1,284 ] DEBUG  - Escalonador esperando por mais requisições...
=2014-09-07 15:45:23,448 [main,0   ] INFO   - Geneciador de conexão iniciando...
=2014-09-07 15:45:23,539 [main,91  ] DEBUG  - Conectando a //localhost:3.001/NodeQueryProcessor. Tentativa número: {3}
=2014-09-07 15:45:23,756 [main,308 ] INFO   - Conectado a //localhost:3.001/NodeQueryProcessor
=2014-09-07 15:45:23,757 [main,309 ] INFO   - Node Query Processor on localhost:3001 was added
=2014-09-07 15:45:23,758 [main,310 ] DEBUG  - Conectando a //localhost:3.002/NodeQueryProcessor. Tentativa número: {3}
=2014-09-07 15:45:23,768 [main,320 ] INFO   - Conectado a //localhost:3.002/NodeQueryProcessor
=2014-09-07 15:45:23,768 [main,320 ] INFO   - Node Query Processor on localhost:3002 was added
=2014-09-07 15:45:23,768 [main,320 ] INFO   - Processador de consulta do cluster carregado. (1/4)
=2014-09-07 15:45:23,774 [main,326 ] INFO   - Escalonador de consulta carregado. (2/4)
=2014-09-07 15:45:23,774 [Thread-1,326 ] DEBUG  - Escalonador executando.!
=2014-09-07 15:45:23,774 [Thread-1,326 ] DEBUG  - Escalonador esperando por mais requisições...
=2014-09-07 15:45:23,774 [main,326 ] INFO   - Balanceador de carga carregado. (3/4)
=2014-09-07 15:45:23,775 [main,327 ] INFO   - Aguarde por favor... O Meta-dados está sendo carregado.
=2014-09-07 15:46:47,722 [main,0   ] INFO   - Geneciador de conexão iniciando...
=2014-09-07 15:46:47,794 [main,72  ] DEBUG  - Conectando a //localhost:3.001/NodeQueryProcessor. Tentativa número: {3}
=2014-09-07 15:46:47,984 [main,262 ] INFO   - Conectado a //localhost:3.001/NodeQueryProcessor
=2014-09-07 15:46:47,985 [main,263 ] INFO   - Node Query Processor on localhost:3001 was added
=2014-09-07 15:46:47,986 [main,264 ] DEBUG  - Conectando a //localhost:3.002/NodeQueryProcessor. Tentativa número: {3}
=2014-09-07 15:46:48,000 [main,278 ] INFO   - Conectado a //localhost:3.002/NodeQueryProcessor
=2014-09-07 15:46:48,001 [main,279 ] INFO   - Node Query Processor on localhost:3002 was added
=2014-09-07 15:46:48,001 [main,279 ] INFO   - Processador de consulta do cluster carregado. (1/4)
=2014-09-07 15:46:48,006 [main,284 ] INFO   - Escalonador de consulta carregado. (2/4)
=2014-09-07 15:46:48,006 [main,284 ] INFO   - Balanceador de carga carregado. (3/4)
=2014-09-07 15:46:48,007 [main,285 ] INFO   - Aguarde por favor... O Meta-dados está sendo carregado.
=2014-09-07 15:46:48,007 [Thread-1,285 ] DEBUG  - Escalonador executando.!
=2014-09-07 15:46:48,007 [Thread-1,285 ] DEBUG  - Escalonador esperando por mais requisições...
=2014-09-07 15:51:42,760 [main,0   ] INFO   - Geneciador de conexão iniciando...
=2014-09-07 15:51:42,833 [main,73  ] DEBUG  - Conectando a //localhost:3.001/NodeQueryProcessor. Tentativa número: {3}
=2014-09-07 15:51:43,029 [main,269 ] INFO   - Conectado a //localhost:3.001/NodeQueryProcessor
=2014-09-07 15:51:43,030 [main,270 ] INFO   - Node Query Processor on localhost:3001 was added
=2014-09-07 15:51:43,032 [main,272 ] DEBUG  - Conectando a //localhost:3.002/NodeQueryProcessor. Tentativa número: {3}
=2014-09-07 15:51:43,042 [main,282 ] INFO   - Conectado a //localhost:3.002/NodeQueryProcessor
=2014-09-07 15:51:43,042 [main,282 ] INFO   - Node Query Processor on localhost:3002 was added
=2014-09-07 15:51:43,043 [main,283 ] INFO   - Processador de consulta do cluster carregado. (1/4)
=2014-09-07 15:51:43,048 [main,288 ] INFO   - Escalonador de consulta carregado. (2/4)
=2014-09-07 15:51:43,048 [main,288 ] INFO   - Balanceador de carga carregado. (3/4)
=2014-09-07 15:51:43,048 [main,288 ] INFO   - Aguarde por favor... O Meta-dados está sendo carregado.
=2014-09-07 15:51:43,053 [Thread-1,293 ] DEBUG  - Escalonador executando.!
=2014-09-07 15:51:43,053 [Thread-1,293 ] DEBUG  - Escalonador esperando por mais requisições...
=2014-09-07 15:55:47,704 [main,0   ] INFO   - Geneciador de conexão iniciando...
=2014-09-07 15:55:47,775 [main,71  ] DEBUG  - Conectando a //localhost:3.001/NodeQueryProcessor. Tentativa número: {3}
=2014-09-07 15:55:47,955 [main,251 ] INFO   - Conectado a //localhost:3.001/NodeQueryProcessor
=2014-09-07 15:55:47,956 [main,252 ] INFO   - Node Query Processor on localhost:3001 was added
=2014-09-07 15:55:47,957 [main,253 ] DEBUG  - Conectando a //localhost:3.002/NodeQueryProcessor. Tentativa número: {3}
=2014-09-07 15:55:47,965 [main,261 ] INFO   - Conectado a //localhost:3.002/NodeQueryProcessor
=2014-09-07 15:55:47,965 [main,261 ] INFO   - Node Query Processor on localhost:3002 was added
=2014-09-07 15:55:47,966 [main,262 ] INFO   - Processador de consulta do cluster carregado. (1/4)
=2014-09-07 15:55:47,971 [main,267 ] INFO   - Escalonador de consulta carregado. (2/4)
=2014-09-07 15:55:47,971 [main,267 ] INFO   - Balanceador de carga carregado. (3/4)
=2014-09-07 15:55:47,971 [main,267 ] INFO   - Aguarde por favor... O Meta-dados está sendo carregado.
=2014-09-07 15:55:47,974 [Thread-1,270 ] DEBUG  - Escalonador executando.!
=2014-09-07 15:55:47,974 [Thread-1,270 ] DEBUG  - Escalonador esperando por mais requisições...
=2014-09-07 15:56:44,198 [main,0   ] DEBUG  - [Conexão 0] Uma nova conexão foi criada.
=2014-09-07 15:56:44,202 [main,4   ] INFO   - DBConnection Pool created!
=2014-09-07 15:56:44,474 [main,276 ] INFO   - Processador de Consulta do Nó está sendo executado na porta 3.001 [rmi://localhost:3001/NodeQueryProcessor]
=2014-09-07 15:56:54,493 [main,0   ] DEBUG  - [Conexão 0] Uma nova conexão foi criada.
=2014-09-07 15:56:54,496 [main,3   ] INFO   - DBConnection Pool created!
=2014-09-07 15:56:54,680 [main,187 ] INFO   - Processador de Consulta do Nó está sendo executado na porta 3.002 [rmi://localhost:3002/NodeQueryProcessor]
=2014-09-07 15:58:04,779 [main,0   ] INFO   - Geneciador de conexão iniciando...
=2014-09-07 15:58:04,851 [main,72  ] DEBUG  - Conectando a //localhost:3.001/NodeQueryProcessor. Tentativa número: {3}
=2014-09-07 15:58:05,049 [main,270 ] INFO   - Conectado a //localhost:3.001/NodeQueryProcessor
=2014-09-07 15:58:05,050 [main,271 ] INFO   - Node Query Processor on localhost:3001 was added
=2014-09-07 15:58:05,051 [main,272 ] DEBUG  - Conectando a //localhost:3.002/NodeQueryProcessor. Tentativa número: {3}
=2014-09-07 15:58:05,059 [main,280 ] INFO   - Conectado a //localhost:3.002/NodeQueryProcessor
=2014-09-07 15:58:05,059 [main,280 ] INFO   - Node Query Processor on localhost:3002 was added
=2014-09-07 15:58:05,059 [main,280 ] INFO   - Processador de consulta do cluster carregado. (1/4)
=2014-09-07 15:58:05,065 [main,286 ] INFO   - Escalonador de consulta carregado. (2/4)
=2014-09-07 15:58:05,065 [Thread-1,286 ] DEBUG  - Escalonador executando.!
=2014-09-07 15:58:05,065 [main,286 ] INFO   - Balanceador de carga carregado. (3/4)
=2014-09-07 15:58:05,065 [Thread-1,286 ] DEBUG  - Escalonador esperando por mais requisições...
=2014-09-07 15:58:05,065 [main,286 ] INFO   - Aguarde por favor... O Meta-dados está sendo carregado.
=2014-09-07 16:01:25,820 [main,0   ] DEBUG  - [Conexão 0] Uma nova conexão foi criada.
=2014-09-07 16:01:25,823 [main,3   ] INFO   - DBConnection Pool created!
=2014-09-07 16:01:25,867 [main,47  ] ERROR  - NodeQueryProcessorEngine Exception: NodeQueryProcessor
=2014-09-07 16:01:25,868 [main,48  ] INFO   - Processador de Consulta do Nó está sendo executado na porta 3.001 [rmi://localhost:3001/NodeQueryProcessor]
=2014-09-07 16:05:35,194 [main,0   ] DEBUG  - [Conexão 0] Uma nova conexão foi criada.
=2014-09-07 16:05:35,197 [main,3   ] INFO   - DBConnection Pool created!
=2014-09-07 16:05:35,238 [main,44  ] ERROR  - NodeQueryProcessorEngine Exception: NodeQueryProcessor
=2014-09-07 16:05:35,240 [main,46  ] INFO   - Processador de Consulta do Nó está sendo executado na porta 3.001 [rmi://localhost:3001/NodeQueryProcessor]
=2014-09-07 16:06:36,421 [main,0   ] DEBUG  - [Conexão 0] Uma nova conexão foi criada.
=2014-09-07 16:06:36,424 [main,3   ] INFO   - DBConnection Pool created!
=2014-09-07 16:06:36,461 [main,40  ] ERROR  - NodeQueryProcessorEngine Exception: NodeQueryProcessor
=2014-09-07 16:06:36,463 [main,42  ] INFO   - Processador de Consulta do Nó está sendo executado na porta 3.001 [rmi://localhost:3001/NodeQueryProcessor]
=2014-09-07 16:06:50,102 [main,0   ] DEBUG  - [Conexão 0] Uma nova conexão foi criada.
=2014-09-07 16:06:50,105 [main,3   ] INFO   - DBConnection Pool created!
=2014-09-07 16:06:50,150 [main,48  ] ERROR  - NodeQueryProcessorEngine Exception: NodeQueryProcessor
=2014-09-07 16:06:50,152 [main,50  ] INFO   - Processador de Consulta do Nó está sendo executado na porta 3.002 [rmi://localhost:3002/NodeQueryProcessor]
=2014-09-07 16:08:06,143 [main,0   ] DEBUG  - [Conexão 0] Uma nova conexão foi criada.
=2014-09-07 16:08:06,147 [main,4   ] INFO   - DBConnection Pool created!
=2014-09-07 16:08:06,330 [main,187 ] INFO   - Processador de Consulta do Nó está sendo executado na porta 3.001 [rmi://localhost:3001/NodeQueryProcessor]
=2014-09-07 16:08:15,645 [main,0   ] DEBUG  - [Conexão 0] Uma nova conexão foi criada.
=2014-09-07 16:08:15,648 [main,3   ] INFO   - DBConnection Pool created!
=2014-09-07 16:08:15,840 [main,195 ] INFO   - Processador de Consulta do Nó está sendo executado na porta 3.002 [rmi://localhost:3002/NodeQueryProcessor]
=2014-09-07 16:09:01,644 [main,0   ] INFO   - Geneciador de conexão iniciando...
=2014-09-07 16:09:01,715 [main,71  ] DEBUG  - Conectando a //localhost:3.001/NodeQueryProcessor. Tentativa número: {3}
=2014-09-07 16:09:01,905 [main,261 ] INFO   - Conectado a //localhost:3.001/NodeQueryProcessor
=2014-09-07 16:09:01,906 [main,262 ] INFO   - Node Query Processor on localhost:3001 was added
=2014-09-07 16:09:01,907 [main,263 ] DEBUG  - Conectando a //localhost:3.002/NodeQueryProcessor. Tentativa número: {3}
=2014-09-07 16:09:01,915 [main,271 ] INFO   - Conectado a //localhost:3.002/NodeQueryProcessor
=2014-09-07 16:09:01,915 [main,271 ] INFO   - Node Query Processor on localhost:3002 was added
=2014-09-07 16:09:01,915 [main,271 ] INFO   - Processador de consulta do cluster carregado. (1/4)
=2014-09-07 16:09:01,920 [main,276 ] INFO   - Escalonador de consulta carregado. (2/4)
=2014-09-07 16:09:01,920 [Thread-1,276 ] DEBUG  - Escalonador executando.!
=2014-09-07 16:09:01,921 [Thread-1,277 ] DEBUG  - Escalonador esperando por mais requisições...
=2014-09-07 16:09:01,920 [main,276 ] INFO   - Balanceador de carga carregado. (3/4)
=2014-09-07 16:09:01,921 [main,277 ] INFO   - Aguarde por favor... O Meta-dados está sendo carregado.
=2014-09-07 16:30:38,205 [main,0   ] INFO   - Geneciador de conexão iniciando...
=2014-09-07 16:30:38,281 [main,76  ] DEBUG  - Conectando a //localhost:3.001/NodeQueryProcessor. Tentativa número: {3}
=2014-09-07 16:30:38,479 [main,274 ] INFO   - Conectado a //localhost:3.001/NodeQueryProcessor
=2014-09-07 16:30:38,480 [main,275 ] INFO   - Node Query Processor on localhost:3001 was added
=2014-09-07 16:30:38,481 [main,276 ] DEBUG  - Conectando a //localhost:3.002/NodeQueryProcessor. Tentativa número: {3}
=2014-09-07 16:30:38,491 [main,286 ] INFO   - Conectado a //localhost:3.002/NodeQueryProcessor
=2014-09-07 16:30:38,491 [main,286 ] INFO   - Node Query Processor on localhost:3002 was added
=2014-09-07 16:30:38,491 [main,286 ] INFO   - Processador de consulta do cluster carregado. (1/4)
=2014-09-07 16:30:38,496 [main,291 ] INFO   - Escalonador de consulta carregado. (2/4)
=2014-09-07 16:30:38,496 [Thread-1,291 ] DEBUG  - Escalonador executando.!
=2014-09-07 16:30:38,497 [main,292 ] INFO   - Balanceador de carga carregado. (3/4)
=2014-09-07 16:30:38,497 [Thread-1,292 ] DEBUG  - Escalonador esperando por mais requisições...
=2014-09-07 16:30:38,497 [main,292 ] INFO   - Aguarde por favor... O Meta-dados está sendo carregado.
=2014-09-07 16:30:38,586 [RMI TCP Connection(20)-192.168.222.1,1352443] DEBUG  - [Conexão 0] Uma nova conexão foi criada.
=2014-09-07 16:43:48,549 [main,0   ] INFO   - Geneciador de conexão iniciando...
=2014-09-07 16:43:48,620 [main,71  ] DEBUG  - Conectando a //localhost:3.001/NodeQueryProcessor. Tentativa número: {3}
=2014-09-07 16:43:48,807 [main,258 ] INFO   - Conectado a //localhost:3.001/NodeQueryProcessor
=2014-09-07 16:43:48,808 [main,259 ] INFO   - Node Query Processor on localhost:3001 was added
=2014-09-07 16:43:48,809 [main,260 ] DEBUG  - Conectando a //localhost:3.002/NodeQueryProcessor. Tentativa número: {3}
=2014-09-07 16:43:48,816 [main,267 ] INFO   - Conectado a //localhost:3.002/NodeQueryProcessor
=2014-09-07 16:43:48,817 [main,268 ] INFO   - Node Query Processor on localhost:3002 was added
=2014-09-07 16:43:48,817 [main,268 ] INFO   - Processador de consulta do cluster carregado. (1/4)
=2014-09-07 16:43:48,822 [main,273 ] INFO   - Escalonador de consulta carregado. (2/4)
=2014-09-07 16:43:48,822 [Thread-1,273 ] DEBUG  - Escalonador executando.!
=2014-09-07 16:43:48,822 [main,273 ] INFO   - Balanceador de carga carregado. (3/4)
=2014-09-07 16:43:48,822 [main,273 ] INFO   - Aguarde por favor... O Meta-dados está sendo carregado.
=2014-09-07 16:43:48,822 [Thread-1,273 ] DEBUG  - Escalonador esperando por mais requisições...
=2014-09-07 16:43:48,903 [RMI TCP Connection(30)-192.168.222.1,2142760] DEBUG  - [Conexão 0] Uma nova conexão foi criada.
=2014-09-07 16:45:56,195 [main,0   ] INFO   - Geneciador de conexão iniciando...
=2014-09-07 16:45:56,284 [main,89  ] DEBUG  - Conectando a //localhost:3.001/NodeQueryProcessor. Tentativa número: {3}
=2014-09-07 16:45:56,521 [main,326 ] INFO   - Conectado a //localhost:3.001/NodeQueryProcessor
=2014-09-07 16:45:56,523 [main,328 ] INFO   - Node Query Processor on localhost:3001 was added
=2014-09-07 16:45:56,524 [main,329 ] DEBUG  - Conectando a //localhost:3.002/NodeQueryProcessor. Tentativa número: {3}
=2014-09-07 16:45:56,535 [main,340 ] INFO   - Conectado a //localhost:3.002/NodeQueryProcessor
=2014-09-07 16:45:56,535 [main,340 ] INFO   - Node Query Processor on localhost:3002 was added
=2014-09-07 16:45:56,536 [main,341 ] INFO   - Processador de consulta do cluster carregado. (1/4)
=2014-09-07 16:45:56,542 [main,347 ] INFO   - Escalonador de consulta carregado. (2/4)
=2014-09-07 16:45:56,542 [Thread-1,347 ] DEBUG  - Escalonador executando.!
=2014-09-07 16:45:56,543 [Thread-1,348 ] DEBUG  - Escalonador esperando por mais requisições...
=2014-09-07 16:45:56,542 [main,347 ] INFO   - Balanceador de carga carregado. (3/4)
=2014-09-07 16:45:56,543 [main,348 ] INFO   - Aguarde por favor... O Meta-dados está sendo carregado.
=2014-09-07 16:45:56,660 [RMI TCP Connection(32)-192.168.222.1,2270517] DEBUG  - [Conexão 0] Uma nova conexão foi criada.
=2014-09-07 16:47:39,123 [main,0   ] INFO   - Geneciador de conexão iniciando...
=2014-09-07 16:47:39,194 [main,71  ] DEBUG  - Conectando a //localhost:3.001/NodeQueryProcessor. Tentativa número: {3}
=2014-09-07 16:47:39,385 [main,262 ] INFO   - Conectado a //localhost:3.001/NodeQueryProcessor
=2014-09-07 16:47:39,386 [main,263 ] INFO   - Node Query Processor on localhost:3001 was added
=2014-09-07 16:47:39,387 [main,264 ] DEBUG  - Conectando a //localhost:3.002/NodeQueryProcessor. Tentativa número: {3}
=2014-09-07 16:47:39,395 [main,272 ] INFO   - Conectado a //localhost:3.002/NodeQueryProcessor
=2014-09-07 16:47:39,396 [main,273 ] INFO   - Node Query Processor on localhost:3002 was added
=2014-09-07 16:47:39,396 [main,273 ] INFO   - Processador de consulta do cluster carregado. (1/4)
=2014-09-07 16:47:39,401 [main,278 ] INFO   - Escalonador de consulta carregado. (2/4)
=2014-09-07 16:47:39,401 [Thread-1,278 ] DEBUG  - Escalonador executando.!
=2014-09-07 16:47:39,401 [Thread-1,278 ] DEBUG  - Escalonador esperando por mais requisições...
=2014-09-07 16:47:39,401 [main,278 ] INFO   - Balanceador de carga carregado. (3/4)
=2014-09-07 16:47:39,402 [main,279 ] INFO   - Aguarde por favor... O Meta-dados está sendo carregado.
=2014-09-07 16:47:39,483 [RMI TCP Connection(34)-192.168.222.1,2373340] DEBUG  - [Conexão 0] Uma nova conexão foi criada.
=2014-09-07 16:50:14,298 [main,1   ] INFO   - Geneciador de conexão iniciando...
=2014-09-07 16:50:14,374 [main,77  ] DEBUG  - Conectando a //localhost:3.001/NodeQueryProcessor. Tentativa número: {3}
=2014-09-07 16:50:14,576 [main,279 ] INFO   - Conectado a //localhost:3.001/NodeQueryProcessor
=2014-09-07 16:50:14,577 [main,280 ] INFO   - Node Query Processor on localhost:3001 was added
=2014-09-07 16:50:14,578 [main,281 ] DEBUG  - Conectando a //localhost:3.002/NodeQueryProcessor. Tentativa número: {3}
=2014-09-07 16:50:14,587 [main,290 ] INFO   - Conectado a //localhost:3.002/NodeQueryProcessor
=2014-09-07 16:50:14,587 [main,290 ] INFO   - Node Query Processor on localhost:3002 was added
=2014-09-07 16:50:14,588 [main,291 ] INFO   - Processador de consulta do cluster carregado. (1/4)
=2014-09-07 16:50:14,593 [main,296 ] INFO   - Escalonador de consulta carregado. (2/4)
=2014-09-07 16:50:14,593 [main,296 ] INFO   - Balanceador de carga carregado. (3/4)
=2014-09-07 16:50:14,593 [main,296 ] INFO   - Aguarde por favor... O Meta-dados está sendo carregado.
=2014-09-07 16:50:14,594 [Thread-1,297 ] DEBUG  - Escalonador executando.!
=2014-09-07 16:50:14,594 [Thread-1,297 ] DEBUG  - Escalonador esperando por mais requisições...
=2014-09-07 16:50:14,702 [RMI TCP Connection(38)-192.168.222.1,2528559] DEBUG  - [Conexão 0] Uma nova conexão foi criada.
=2014-09-07 16:52:55,094 [main,0   ] INFO   - Geneciador de conexão iniciando...
=2014-09-07 16:52:55,171 [main,77  ] DEBUG  - Conectando a //localhost:3.001/NodeQueryProcessor. Tentativa número: {3}
=2014-09-07 16:52:55,371 [main,277 ] INFO   - Conectado a //localhost:3.001/NodeQueryProcessor
=2014-09-07 16:52:55,372 [main,278 ] INFO   - Node Query Processor on localhost:3001 was added
=2014-09-07 16:52:55,373 [main,279 ] DEBUG  - Conectando a //localhost:3.002/NodeQueryProcessor. Tentativa número: {3}
=2014-09-07 16:52:55,382 [main,288 ] INFO   - Conectado a //localhost:3.002/NodeQueryProcessor
=2014-09-07 16:52:55,382 [main,288 ] INFO   - Node Query Processor on localhost:3002 was added
=2014-09-07 16:52:55,382 [main,288 ] INFO   - Processador de consulta do cluster carregado. (1/4)
=2014-09-07 16:52:55,387 [main,293 ] INFO   - Escalonador de consulta carregado. (2/4)
=2014-09-07 16:52:55,387 [main,293 ] INFO   - Balanceador de carga carregado. (3/4)
=2014-09-07 16:52:55,388 [main,294 ] INFO   - Aguarde por favor... O Meta-dados está sendo carregado.
=2014-09-07 16:52:55,388 [Thread-1,294 ] DEBUG  - Escalonador executando.!
=2014-09-07 16:52:55,388 [Thread-1,294 ] DEBUG  - Escalonador esperando por mais requisições...
=2014-09-07 16:52:55,471 [RMI TCP Connection(40)-192.168.222.1,2689328] DEBUG  - [Conexão 0] Uma nova conexão foi criada.
=2014-09-07 16:53:19,940 [main,0   ] INFO   - Geneciador de conexão iniciando...
=2014-09-07 16:53:20,013 [main,73  ] DEBUG  - Conectando a //localhost:3.001/NodeQueryProcessor. Tentativa número: {3}
=2014-09-07 16:53:20,214 [main,274 ] INFO   - Conectado a //localhost:3.001/NodeQueryProcessor
=2014-09-07 16:53:20,216 [main,276 ] INFO   - Node Query Processor on localhost:3001 was added
=2014-09-07 16:53:20,217 [main,277 ] DEBUG  - Conectando a //localhost:3.002/NodeQueryProcessor. Tentativa número: {3}
=2014-09-07 16:53:20,225 [main,285 ] INFO   - Conectado a //localhost:3.002/NodeQueryProcessor
=2014-09-07 16:53:20,225 [main,285 ] INFO   - Node Query Processor on localhost:3002 was added
=2014-09-07 16:53:20,226 [main,286 ] INFO   - Processador de consulta do cluster carregado. (1/4)
=2014-09-07 16:53:20,231 [main,291 ] INFO   - Escalonador de consulta carregado. (2/4)
=2014-09-07 16:53:20,231 [Thread-1,291 ] DEBUG  - Escalonador executando.!
=2014-09-07 16:53:20,231 [main,291 ] INFO   - Balanceador de carga carregado. (3/4)
=2014-09-07 16:53:20,231 [Thread-1,291 ] DEBUG  - Escalonador esperando por mais requisições...
=2014-09-07 16:53:20,231 [main,291 ] INFO   - Aguarde por favor... O Meta-dados está sendo carregado.
=2014-09-07 16:53:20,322 [RMI TCP Connection(43)-192.168.222.1,2714179] DEBUG  - [Conexão 0] Uma nova conexão foi criada.
=2014-09-07 16:53:52,720 [main,0   ] INFO   - Geneciador de conexão iniciando...
=2014-09-07 16:53:52,794 [main,74  ] DEBUG  - Conectando a //localhost:3.001/NodeQueryProcessor. Tentativa número: {3}
=2014-09-07 16:53:52,985 [main,265 ] INFO   - Conectado a //localhost:3.001/NodeQueryProcessor
=2014-09-07 16:53:52,987 [main,267 ] INFO   - Node Query Processor on localhost:3001 was added
=2014-09-07 16:53:52,988 [main,268 ] DEBUG  - Conectando a //localhost:3.002/NodeQueryProcessor. Tentativa número: {3}
=2014-09-07 16:53:52,997 [main,277 ] INFO   - Conectado a //localhost:3.002/NodeQueryProcessor
=2014-09-07 16:53:52,997 [main,277 ] INFO   - Node Query Processor on localhost:3002 was added
=2014-09-07 16:53:52,998 [main,278 ] INFO   - Processador de consulta do cluster carregado. (1/4)
=2014-09-07 16:53:53,003 [main,283 ] INFO   - Escalonador de consulta carregado. (2/4)
=2014-09-07 16:53:53,003 [main,283 ] INFO   - Balanceador de carga carregado. (3/4)
=2014-09-07 16:53:53,003 [main,283 ] INFO   - Aguarde por favor... O Meta-dados está sendo carregado.
=2014-09-07 16:53:53,004 [Thread-1,284 ] DEBUG  - Escalonador executando.!
=2014-09-07 16:53:53,004 [Thread-1,284 ] DEBUG  - Escalonador esperando por mais requisições...
=2014-09-07 16:53:53,111 [RMI TCP Connection(46)-192.168.222.1,2746968] DEBUG  - [Conexão 0] Uma nova conexão foi criada.
=2014-09-07 16:54:43,613 [main,0   ] INFO   - Geneciador de conexão iniciando...
=2014-09-07 16:54:43,690 [main,77  ] DEBUG  - Conectando a //localhost:3.001/NodeQueryProcessor. Tentativa número: {3}
=2014-09-07 16:54:43,893 [main,280 ] INFO   - Conectado a //localhost:3.001/NodeQueryProcessor
=2014-09-07 16:54:43,894 [main,281 ] INFO   - Node Query Processor on localhost:3001 was added
=2014-09-07 16:54:43,895 [main,282 ] DEBUG  - Conectando a //localhost:3.002/NodeQueryProcessor. Tentativa número: {3}
=2014-09-07 16:54:43,911 [main,298 ] INFO   - Conectado a //localhost:3.002/NodeQueryProcessor
=2014-09-07 16:54:43,911 [main,298 ] INFO   - Node Query Processor on localhost:3002 was added
=2014-09-07 16:54:43,911 [main,298 ] INFO   - Processador de consulta do cluster carregado. (1/4)
=2014-09-07 16:54:43,916 [main,303 ] INFO   - Escalonador de consulta carregado. (2/4)
=2014-09-07 16:54:43,916 [Thread-1,303 ] DEBUG  - Escalonador executando.!
=2014-09-07 16:54:43,917 [main,304 ] INFO   - Balanceador de carga carregado. (3/4)
=2014-09-07 16:54:43,917 [Thread-1,304 ] DEBUG  - Escalonador esperando por mais requisições...
=2014-09-07 17:08:06,383 [Finalizer,3600240] DEBUG  - [Conexão 1] Uma conexão foi fechada.
=2014-09-07 17:08:06,410 [Finalizer,3600267] DEBUG  - [Conexão 5] Uma conexão foi fechada.
=2014-09-07 17:08:06,411 [Finalizer,3600268] DEBUG  - [Conexão 4] Uma conexão foi fechada.
=2014-09-07 17:08:06,412 [Finalizer,3600269] DEBUG  - [Conexão 3] Uma conexão foi fechada.
=2014-09-07 17:08:06,413 [Finalizer,3600270] DEBUG  - [Conexão 2] Uma conexão foi fechada.
=2014-09-07 17:08:06,414 [Finalizer,3600271] DEBUG  - [Conexão 8] Uma conexão foi fechada.
=2014-09-07 17:08:06,415 [Finalizer,3600272] DEBUG  - [Conexão 7] Uma conexão foi fechada.
=2014-09-07 17:08:06,415 [Finalizer,3600272] DEBUG  - [Conexão 6] Uma conexão foi fechada.
=2014-09-07 17:08:06,416 [Finalizer,3600273] DEBUG  - [Conexão 0] Uma conexão foi fechada.
=2014-09-07 17:13:55,861 [main,0   ] INFO   - Geneciador de conexão iniciando...
=2014-09-07 17:13:55,931 [main,70  ] DEBUG  - Conectando a //localhost:3.001/NodeQueryProcessor. Tentativa número: {3}
=2014-09-07 17:13:56,139 [main,278 ] INFO   - Conectado a //localhost:3.001/NodeQueryProcessor
=2014-09-07 17:13:56,141 [main,280 ] INFO   - Node Query Processor on localhost:3001 was added
=2014-09-07 17:13:56,142 [main,281 ] DEBUG  - Conectando a //localhost:3.002/NodeQueryProcessor. Tentativa número: {3}
=2014-09-07 17:13:56,164 [main,303 ] INFO   - Conectado a //localhost:3.002/NodeQueryProcessor
=2014-09-07 17:13:56,164 [main,303 ] INFO   - Node Query Processor on localhost:3002 was added
=2014-09-07 17:13:56,165 [main,304 ] INFO   - Processador de consulta do cluster carregado. (1/4)
=2014-09-07 17:13:56,172 [main,311 ] INFO   - Escalonador de consulta carregado. (2/4)
=2014-09-07 17:13:56,172 [Thread-1,311 ] DEBUG  - Escalonador executando.!
=2014-09-07 17:13:56,172 [main,311 ] INFO   - Balanceador de carga carregado. (3/4)
=2014-09-07 17:13:56,173 [main,312 ] INFO   - Aguarde por favor... O Meta-dados está sendo carregado.
=2014-09-07 17:13:56,173 [Thread-1,312 ] DEBUG  - Escalonador esperando por mais requisições...
=2014-09-07 17:13:56,279 [RMI TCP Connection(60)-192.168.222.1,3950136] DEBUG  - [Conexão 0] Uma nova conexão foi criada.
=2014-09-07 17:15:20,954 [main,1   ] INFO   - Geneciador de conexão iniciando...
=2014-09-07 17:15:21,035 [main,82  ] DEBUG  - Conectando a //localhost:3.001/NodeQueryProcessor. Tentativa número: {3}
=2014-09-07 17:15:21,255 [main,302 ] INFO   - Conectado a //localhost:3.001/NodeQueryProcessor
=2014-09-07 17:15:21,257 [main,304 ] INFO   - Node Query Processor on localhost:3001 was added
=2014-09-07 17:15:21,258 [main,305 ] DEBUG  - Conectando a //localhost:3.002/NodeQueryProcessor. Tentativa número: {3}
=2014-09-07 17:15:21,266 [main,313 ] INFO   - Conectado a //localhost:3.002/NodeQueryProcessor
=2014-09-07 17:15:21,266 [main,313 ] INFO   - Node Query Processor on localhost:3002 was added
=2014-09-07 17:15:21,266 [main,313 ] INFO   - Processador de consulta do cluster carregado. (1/4)
=2014-09-07 17:15:21,271 [main,318 ] INFO   - Escalonador de consulta carregado. (2/4)
=2014-09-07 17:15:21,271 [Thread-1,318 ] DEBUG  - Escalonador executando.!
=2014-09-07 17:15:21,272 [main,319 ] INFO   - Balanceador de carga carregado. (3/4)
=2014-09-07 17:15:21,272 [Thread-1,319 ] DEBUG  - Escalonador esperando por mais requisições...
=2014-09-07 17:15:21,272 [main,319 ] INFO   - Aguarde por favor... O Meta-dados está sendo carregado.
=2014-09-07 17:15:21,353 [RMI TCP Connection(62)-192.168.222.1,4035210] DEBUG  - [Conexão 0] Uma nova conexão foi criada.
=2014-09-07 17:16:48,588 [main,0   ] INFO   - Geneciador de conexão iniciando...
=2014-09-07 17:16:48,680 [main,92  ] DEBUG  - Conectando a //localhost:3.001/NodeQueryProcessor. Tentativa número: {3}
=2014-09-07 17:16:48,860 [main,272 ] INFO   - Conectado a //localhost:3.001/NodeQueryProcessor
=2014-09-07 17:16:48,861 [main,273 ] INFO   - Node Query Processor on localhost:3001 was added
=2014-09-07 17:16:48,862 [main,274 ] DEBUG  - Conectando a //localhost:3.002/NodeQueryProcessor. Tentativa número: {3}
=2014-09-07 17:16:48,869 [main,281 ] INFO   - Conectado a //localhost:3.002/NodeQueryProcessor
=2014-09-07 17:16:48,869 [main,281 ] INFO   - Node Query Processor on localhost:3002 was added
=2014-09-07 17:16:48,870 [main,282 ] INFO   - Processador de consulta do cluster carregado. (1/4)
=2014-09-07 17:16:48,874 [main,286 ] INFO   - Escalonador de consulta carregado. (2/4)
=2014-09-07 17:16:48,874 [Thread-1,286 ] DEBUG  - Escalonador executando.!
=2014-09-07 17:16:48,874 [main,286 ] INFO   - Balanceador de carga carregado. (3/4)
=2014-09-07 17:16:48,874 [Thread-1,286 ] DEBUG  - Escalonador esperando por mais requisições...
=2014-09-07 17:16:48,874 [main,286 ] INFO   - Aguarde por favor... O Meta-dados está sendo carregado.
=2014-09-07 17:16:48,951 [RMI TCP Connection(64)-192.168.222.1,4122808] DEBUG  - [Conexão 0] Uma nova conexão foi criada.
=2014-09-07 17:17:20,110 [main,0   ] INFO   - Geneciador de conexão iniciando...
=2014-09-07 17:17:20,183 [main,73  ] DEBUG  - Conectando a //localhost:3.001/NodeQueryProcessor. Tentativa número: {3}
=2014-09-07 17:17:20,379 [main,269 ] INFO   - Conectado a //localhost:3.001/NodeQueryProcessor
=2014-09-07 17:17:20,380 [main,270 ] INFO   - Node Query Processor on localhost:3001 was added
=2014-09-07 17:17:20,381 [main,271 ] DEBUG  - Conectando a //localhost:3.002/NodeQueryProcessor. Tentativa número: {3}
=2014-09-07 17:17:20,391 [main,281 ] INFO   - Conectado a //localhost:3.002/NodeQueryProcessor
=2014-09-07 17:17:20,391 [main,281 ] INFO   - Node Query Processor on localhost:3002 was added
=2014-09-07 17:17:20,392 [main,282 ] INFO   - Processador de consulta do cluster carregado. (1/4)
=2014-09-07 17:17:20,397 [main,287 ] INFO   - Escalonador de consulta carregado. (2/4)
=2014-09-07 17:17:20,397 [Thread-1,287 ] DEBUG  - Escalonador executando.!
=2014-09-07 17:17:20,397 [main,287 ] INFO   - Balanceador de carga carregado. (3/4)
=2014-09-07 17:17:20,398 [Thread-1,288 ] DEBUG  - Escalonador esperando por mais requisições...
=2014-09-07 17:17:20,398 [main,288 ] INFO   - Aguarde por favor... O Meta-dados está sendo carregado.
=2014-09-07 17:17:20,480 [RMI TCP Connection(66)-192.168.222.1,4154337] DEBUG  - [Conexão 0] Uma nova conexão foi criada.
=2014-09-07 17:18:09,808 [main,0   ] INFO   - Geneciador de conexão iniciando...
=2014-09-07 17:18:09,884 [main,76  ] DEBUG  - Conectando a //localhost:3.001/NodeQueryProcessor. Tentativa número: {3}
=2014-09-07 17:18:10,081 [main,273 ] INFO   - Conectado a //localhost:3.001/NodeQueryProcessor
=2014-09-07 17:18:10,082 [main,274 ] INFO   - Node Query Processor on localhost:3001 was added
=2014-09-07 17:18:10,084 [main,276 ] DEBUG  - Conectando a //localhost:3.002/NodeQueryProcessor. Tentativa número: {3}
=2014-09-07 17:18:10,092 [main,284 ] INFO   - Conectado a //localhost:3.002/NodeQueryProcessor
=2014-09-07 17:18:10,092 [main,284 ] INFO   - Node Query Processor on localhost:3002 was added
=2014-09-07 17:18:10,092 [main,284 ] INFO   - Processador de consulta do cluster carregado. (1/4)
=2014-09-07 17:18:10,097 [main,289 ] INFO   - Escalonador de consulta carregado. (2/4)
=2014-09-07 17:18:10,097 [Thread-1,289 ] DEBUG  - Escalonador executando.!
=2014-09-07 17:18:10,097 [main,289 ] INFO   - Balanceador de carga carregado. (3/4)
=2014-09-07 17:18:10,098 [Thread-1,290 ] DEBUG  - Escalonador esperando por mais requisições...
=2014-09-07 17:18:10,098 [main,290 ] INFO   - Aguarde por favor... O Meta-dados está sendo carregado.
=2014-09-07 17:18:10,178 [RMI TCP Connection(68)-192.168.222.1,4204035] DEBUG  - [Conexão 0] Uma nova conexão foi criada.
=2014-09-07 17:19:12,534 [main,0   ] INFO   - Geneciador de conexão iniciando...
=2014-09-07 17:19:12,606 [main,72  ] DEBUG  - Conectando a //localhost:3.001/NodeQueryProcessor. Tentativa número: {3}
=2014-09-07 17:19:12,799 [main,265 ] INFO   - Conectado a //localhost:3.001/NodeQueryProcessor
=2014-09-07 17:19:12,800 [main,266 ] INFO   - Node Query Processor on localhost:3001 was added
=2014-09-07 17:19:12,802 [main,268 ] DEBUG  - Conectando a //localhost:3.002/NodeQueryProcessor. Tentativa número: {3}
=2014-09-07 17:19:12,810 [main,276 ] INFO   - Conectado a //localhost:3.002/NodeQueryProcessor
=2014-09-07 17:19:12,810 [main,276 ] INFO   - Node Query Processor on localhost:3002 was added
=2014-09-07 17:19:12,811 [main,277 ] INFO   - Processador de consulta do cluster carregado. (1/4)
=2014-09-07 17:19:12,816 [main,282 ] INFO   - Escalonador de consulta carregado. (2/4)
=2014-09-07 17:19:12,816 [Thread-1,282 ] DEBUG  - Escalonador executando.!
=2014-09-07 17:19:12,816 [main,282 ] INFO   - Balanceador de carga carregado. (3/4)
=2014-09-07 17:19:12,816 [Thread-1,282 ] DEBUG  - Escalonador esperando por mais requisições...
=2014-09-07 17:19:12,817 [main,283 ] INFO   - Aguarde por favor... O Meta-dados está sendo carregado.
=2014-09-07 17:19:12,911 [RMI TCP Connection(71)-192.168.222.1,4266768] DEBUG  - [Conexão 0] Uma nova conexão foi criada.
=2014-09-07 17:20:33,716 [main,0   ] INFO   - Geneciador de conexão iniciando...
=2014-09-07 17:20:33,791 [main,75  ] DEBUG  - Conectando a //localhost:3.001/NodeQueryProcessor. Tentativa número: {3}
=2014-09-07 17:20:33,993 [main,277 ] INFO   - Conectado a //localhost:3.001/NodeQueryProcessor
=2014-09-07 17:20:33,994 [main,278 ] INFO   - Node Query Processor on localhost:3001 was added
=2014-09-07 17:20:33,995 [main,279 ] DEBUG  - Conectando a //localhost:3.002/NodeQueryProcessor. Tentativa número: {3}
=2014-09-07 17:20:34,003 [main,287 ] INFO   - Conectado a //localhost:3.002/NodeQueryProcessor
=2014-09-07 17:20:34,004 [main,288 ] INFO   - Node Query Processor on localhost:3002 was added
=2014-09-07 17:20:34,004 [main,288 ] INFO   - Processador de consulta do cluster carregado. (1/4)
=2014-09-07 17:20:34,009 [main,293 ] INFO   - Escalonador de consulta carregado. (2/4)
=2014-09-07 17:20:34,009 [main,293 ] INFO   - Balanceador de carga carregado. (3/4)
=2014-09-07 17:20:34,009 [Thread-1,293 ] DEBUG  - Escalonador executando.!
=2014-09-07 17:20:34,010 [Thread-1,294 ] DEBUG  - Escalonador esperando por mais requisições...
=2014-09-07 17:20:34,009 [main,293 ] INFO   - Aguarde por favor... O Meta-dados está sendo carregado.
=2014-09-07 17:20:34,106 [RMI TCP Connection(73)-192.168.222.1,4347963] DEBUG  - [Conexão 0] Uma nova conexão foi criada.
=2014-09-07 17:21:22,337 [main,0   ] INFO   - Geneciador de conexão iniciando...
=2014-09-07 17:21:22,416 [main,79  ] DEBUG  - Conectando a //localhost:3.001/NodeQueryProcessor. Tentativa número: {3}
=2014-09-07 17:21:22,629 [main,292 ] INFO   - Conectado a //localhost:3.001/NodeQueryProcessor
=2014-09-07 17:21:22,630 [main,293 ] INFO   - Node Query Processor on localhost:3001 was added
=2014-09-07 17:21:22,631 [main,294 ] DEBUG  - Conectando a //localhost:3.002/NodeQueryProcessor. Tentativa número: {3}
=2014-09-07 17:21:22,639 [main,302 ] INFO   - Conectado a //localhost:3.002/NodeQueryProcessor
=2014-09-07 17:21:22,640 [main,303 ] INFO   - Node Query Processor on localhost:3002 was added
=2014-09-07 17:21:22,640 [main,303 ] INFO   - Processador de consulta do cluster carregado. (1/4)
=2014-09-07 17:21:22,645 [main,308 ] INFO   - Escalonador de consulta carregado. (2/4)
=2014-09-07 17:21:22,645 [Thread-1,308 ] DEBUG  - Escalonador executando.!
=2014-09-07 17:21:22,645 [main,308 ] INFO   - Balanceador de carga carregado. (3/4)
=2014-09-07 17:21:22,645 [Thread-1,308 ] DEBUG  - Escalonador esperando por mais requisições...
=2014-09-07 17:21:22,646 [main,309 ] INFO   - Aguarde por favor... O Meta-dados está sendo carregado.
=2014-09-07 17:21:22,730 [RMI TCP Connection(75)-192.168.222.1,4396587] DEBUG  - [Conexão 0] Uma nova conexão foi criada.
=2014-09-07 17:22:43,103 [main,0   ] INFO   - Geneciador de conexão iniciando...
=2014-09-07 17:22:43,174 [main,71  ] DEBUG  - Conectando a //localhost:3.001/NodeQueryProcessor. Tentativa número: {3}
=2014-09-07 17:22:43,366 [main,263 ] INFO   - Conectado a //localhost:3.001/NodeQueryProcessor
=2014-09-07 17:22:43,368 [main,265 ] INFO   - Node Query Processor on localhost:3001 was added
=2014-09-07 17:22:43,369 [main,266 ] DEBUG  - Conectando a //localhost:3.002/NodeQueryProcessor. Tentativa número: {3}
=2014-09-07 17:22:43,379 [main,276 ] INFO   - Conectado a //localhost:3.002/NodeQueryProcessor
=2014-09-07 17:22:43,379 [main,276 ] INFO   - Node Query Processor on localhost:3002 was added
=2014-09-07 17:22:43,379 [main,276 ] INFO   - Processador de consulta do cluster carregado. (1/4)
=2014-09-07 17:22:43,384 [main,281 ] INFO   - Escalonador de consulta carregado. (2/4)
=2014-09-07 17:22:43,384 [Thread-1,281 ] DEBUG  - Escalonador executando.!
=2014-09-07 17:22:43,384 [main,281 ] INFO   - Balanceador de carga carregado. (3/4)
=2014-09-07 17:22:43,385 [Thread-1,282 ] DEBUG  - Escalonador esperando por mais requisições...
=2014-09-07 17:22:43,385 [main,282 ] INFO   - Aguarde por favor... O Meta-dados está sendo carregado.
=2014-09-07 17:22:43,468 [RMI TCP Connection(77)-192.168.222.1,4477325] DEBUG  - [Conexão 0] Uma nova conexão foi criada.
=2014-09-07 17:23:21,725 [main,0   ] INFO   - Geneciador de conexão iniciando...
=2014-09-07 17:23:21,795 [main,70  ] DEBUG  - Conectando a //localhost:3.001/NodeQueryProcessor. Tentativa número: {3}
=2014-09-07 17:23:22,007 [main,282 ] INFO   - Conectado a //localhost:3.001/NodeQueryProcessor
=2014-09-07 17:23:22,008 [main,283 ] INFO   - Node Query Processor on localhost:3001 was added
=2014-09-07 17:23:22,009 [main,284 ] DEBUG  - Conectando a //localhost:3.002/NodeQueryProcessor. Tentativa número: {3}
=2014-09-07 17:23:22,017 [main,292 ] INFO   - Conectado a //localhost:3.002/NodeQueryProcessor
=2014-09-07 17:23:22,017 [main,292 ] INFO   - Node Query Processor on localhost:3002 was added
=2014-09-07 17:23:22,017 [main,292 ] INFO   - Processador de consulta do cluster carregado. (1/4)
=2014-09-07 17:23:22,022 [main,297 ] INFO   - Escalonador de consulta carregado. (2/4)
=2014-09-07 17:23:22,022 [Thread-1,297 ] DEBUG  - Escalonador executando.!
=2014-09-07 17:23:22,023 [main,298 ] INFO   - Balanceador de carga carregado. (3/4)
=2014-09-07 17:23:22,023 [Thread-1,298 ] DEBUG  - Escalonador esperando por mais requisições...
=2014-09-07 17:23:22,023 [main,298 ] INFO   - Aguarde por favor... O Meta-dados está sendo carregado.
=2014-09-07 17:23:22,105 [RMI TCP Connection(79)-192.168.222.1,4515962] DEBUG  - [Conexão 0] Uma nova conexão foi criada.
=2014-09-07 17:24:43,502 [main,0   ] INFO   - Geneciador de conexão iniciando...
=2014-09-07 17:24:43,590 [main,88  ] DEBUG  - Conectando a //localhost:3.001/NodeQueryProcessor. Tentativa número: {3}
=2014-09-07 17:24:43,794 [main,292 ] INFO   - Conectado a //localhost:3.001/NodeQueryProcessor
=2014-09-07 17:24:43,795 [main,293 ] INFO   - Node Query Processor on localhost:3001 was added
=2014-09-07 17:24:43,796 [main,294 ] DEBUG  - Conectando a //localhost:3.002/NodeQueryProcessor. Tentativa número: {3}
=2014-09-07 17:24:43,804 [main,302 ] INFO   - Conectado a //localhost:3.002/NodeQueryProcessor
=2014-09-07 17:24:43,805 [main,303 ] INFO   - Node Query Processor on localhost:3002 was added
=2014-09-07 17:24:43,805 [main,303 ] INFO   - Processador de consulta do cluster carregado. (1/4)
=2014-09-07 17:24:43,810 [main,308 ] INFO   - Escalonador de consulta carregado. (2/4)
=2014-09-07 17:24:43,810 [Thread-1,308 ] DEBUG  - Escalonador executando.!
=2014-09-07 17:24:43,810 [main,308 ] INFO   - Balanceador de carga carregado. (3/4)
=2014-09-07 17:24:43,811 [Thread-1,309 ] DEBUG  - Escalonador esperando por mais requisições...
=2014-09-07 17:24:43,811 [main,309 ] INFO   - Aguarde por favor... O Meta-dados está sendo carregado.
=2014-09-07 17:24:43,897 [RMI TCP Connection(82)-192.168.222.1,4597754] DEBUG  - [Conexão 0] Uma nova conexão foi criada.
=2014-09-07 17:52:04,521 [main,0   ] DEBUG  - [Conexão 0] Uma nova conexão foi criada.
=2014-09-07 17:52:04,532 [main,11  ] INFO   - DBConnection Pool created!
=2014-09-07 17:52:04,729 [main,208 ] INFO   - Processador de Consulta do Nó está sendo executado na porta 3.001 [rmi://localhost:3001/NodeQueryProcessor]
=2014-09-07 17:52:17,305 [main,0   ] DEBUG  - [Conexão 0] Uma nova conexão foi criada.
=2014-09-07 17:52:17,308 [main,3   ] INFO   - DBConnection Pool created!
=2014-09-07 17:52:17,496 [main,191 ] INFO   - Processador de Consulta do Nó está sendo executado na porta 3.002 [rmi://localhost:3002/NodeQueryProcessor]
=2014-09-07 17:53:26,335 [main,0   ] INFO   - Geneciador de conexão iniciando...
=2014-09-07 17:53:26,412 [main,77  ] DEBUG  - Conectando a //localhost:3.001/NodeQueryProcessor. Tentativa número: {3}
=2014-09-07 17:53:26,619 [main,284 ] INFO   - Conectado a //localhost:3.001/NodeQueryProcessor
=2014-09-07 17:53:26,620 [main,285 ] INFO   - Node Query Processor on localhost:3001 was added
=2014-09-07 17:53:26,621 [main,286 ] DEBUG  - Conectando a //localhost:3.002/NodeQueryProcessor. Tentativa número: {3}
=2014-09-07 17:53:26,629 [main,294 ] INFO   - Conectado a //localhost:3.002/NodeQueryProcessor
=2014-09-07 17:53:26,630 [main,295 ] INFO   - Node Query Processor on localhost:3002 was added
=2014-09-07 17:53:26,630 [main,295 ] INFO   - Processador de consulta do cluster carregado. (1/4)
=2014-09-07 17:53:26,636 [main,301 ] INFO   - Escalonador de consulta carregado. (2/4)
=2014-09-07 17:53:26,636 [Thread-1,301 ] DEBUG  - Escalonador executando.!
=2014-09-07 17:53:26,636 [main,301 ] INFO   - Balanceador de carga carregado. (3/4)
=2014-09-07 17:53:26,636 [Thread-1,301 ] DEBUG  - Escalonador esperando por mais requisições...
=2014-09-07 17:53:26,636 [main,301 ] INFO   - Aguarde por favor... O Meta-dados está sendo carregado.
=2014-09-07 17:53:26,853 [main,518 ] INFO   - Meta-dados recarregado.
=2014-09-07 17:53:26,853 [main,518 ] INFO   - Meta-dados do banco de dados carregado. (4/4)
=2014-09-07 17:53:26,858 [main,523 ] INFO   - RMI Bind: porta: 8.050, endereço: rmi://localhost:8050/ConnectionCqp
=2014-09-07 17:54:03,704 [main,0   ] INFO   - Geneciador de conexão iniciando...
=2014-09-07 17:54:03,774 [main,70  ] DEBUG  - Conectando a //localhost:3.001/NodeQueryProcessor. Tentativa número: {3}
=2014-09-07 17:54:03,966 [main,262 ] INFO   - Conectado a //localhost:3.001/NodeQueryProcessor
=2014-09-07 17:54:03,968 [main,264 ] INFO   - Node Query Processor on localhost:3001 was added
=2014-09-07 17:54:03,969 [main,265 ] DEBUG  - Conectando a //localhost:3.002/NodeQueryProcessor. Tentativa número: {3}
=2014-09-07 17:54:03,976 [main,272 ] INFO   - Conectado a //localhost:3.002/NodeQueryProcessor
=2014-09-07 17:54:03,976 [main,272 ] INFO   - Node Query Processor on localhost:3002 was added
=2014-09-07 17:54:03,977 [main,273 ] INFO   - Processador de consulta do cluster carregado. (1/4)
=2014-09-07 17:54:03,982 [main,278 ] INFO   - Escalonador de consulta carregado. (2/4)
=2014-09-07 17:54:03,982 [main,278 ] INFO   - Balanceador de carga carregado. (3/4)
=2014-09-07 17:54:03,982 [main,278 ] INFO   - Aguarde por favor... O Meta-dados está sendo carregado.
=2014-09-07 17:54:03,982 [Thread-1,278 ] DEBUG  - Escalonador executando.!
=2014-09-07 17:54:03,983 [Thread-1,279 ] DEBUG  - Escalonador esperando por mais requisições...
=2014-09-07 17:54:04,074 [RMI TCP Connection(8)-192.168.222.1,119553] DEBUG  - [Conexão 0] Uma nova conexão foi criada.
=2014-09-07 17:54:04,167 [main,463 ] INFO   - Meta-dados recarregado.
=2014-09-07 17:54:04,168 [main,464 ] INFO   - Meta-dados do banco de dados carregado. (4/4)
=2014-09-07 17:54:04,196 [main,492 ] INFO   - RMI Bind: porta: 8.051, endereço: rmi://localhost:8051/ConnectionCqp
=2014-09-07 18:52:04,715 [Finalizer,3600194] DEBUG  - [Conexão 1] Uma conexão foi fechada.
=2014-09-07 18:52:04,759 [Finalizer,3600238] DEBUG  - [Conexão 0] Uma conexão foi fechada.
=2014-09-07 20:44:42,115 [main,0   ] INFO   - Geneciador de conexão iniciando...
=2014-09-07 20:44:42,189 [main,74  ] DEBUG  - Conectando a //localhost:3.001/NodeQueryProcessor. Tentativa número: {3}
=2014-09-07 20:44:42,387 [main,272 ] INFO   - Conectado a //localhost:3.001/NodeQueryProcessor
=2014-09-07 20:44:42,389 [main,274 ] INFO   - Node Query Processor on localhost:3001 was added
=2014-09-07 20:44:42,390 [main,275 ] DEBUG  - Conectando a //localhost:3.002/NodeQueryProcessor. Tentativa número: {3}
=2014-09-07 20:44:42,402 [main,287 ] INFO   - Conectado a //localhost:3.002/NodeQueryProcessor
=2014-09-07 20:44:42,403 [main,288 ] INFO   - Node Query Processor on localhost:3002 was added
=2014-09-07 20:44:42,403 [main,288 ] INFO   - Processador de consulta do cluster carregado. (1/4)
=2014-09-07 20:44:42,408 [main,293 ] INFO   - Escalonador de consulta carregado. (2/4)
=2014-09-07 20:44:42,408 [Thread-1,293 ] DEBUG  - Escalonador executando.!
=2014-09-07 20:44:42,408 [main,293 ] INFO   - Balanceador de carga carregado. (3/4)
=2014-09-07 20:44:42,408 [Thread-1,293 ] DEBUG  - Escalonador esperando por mais requisições...
=2014-09-07 20:44:42,408 [main,293 ] INFO   - Aguarde por favor... O Meta-dados está sendo carregado.
=2014-09-07 20:44:42,508 [RMI TCP Connection(124)-192.168.222.1,10357987] DEBUG  - [Conexão 0] Uma nova conexão foi criada.
=2014-09-07 20:44:42,604 [main,489 ] INFO   - Meta-dados recarregado.
=2014-09-07 20:44:42,604 [main,489 ] INFO   - Meta-dados do banco de dados carregado. (4/4)
=2014-09-07 20:44:42,622 [main,507 ] INFO   - RMI Bind: porta: 8.051, endereço: rmi://localhost:8051/ConnectionCqp
=2014-09-07 20:44:42,622 [main,507 ] INFO   - O Cluster de Banco de Dados PartiXVP está pronto para receber requisições...
=2014-09-07 20:52:04,797 [Finalizer,10800276] DEBUG  - [Conexão 2] Uma conexão foi fechada.
